d:\codes\kursach\kursach\x64\debug\vc143.pdb
d:\codes\kursach\kursach\x64\debug\.netframework,version=v4.7.2.assemblyattributes.obj
d:\codes\kursach\kursach\x64\debug\myform.obj
d:\codes\kursach\x64\debug\kursach.exe
d:\codes\kursach\x64\debug\kursach.pdb
d:\codes\kursach\kursach\x64\debug\.netframework,version=v4.7.2.assemblyattributes.nativecodeanalysis.xml
d:\codes\kursach\kursach\x64\debug\myform.nativecodeanalysis.xml
d:\codes\kursach\kursach\x64\debug\vc.nativecodeanalysis.all.xml
d:\codes\kursach\kursach\x64\debug\kursach.tlog\cl.command.1.tlog
d:\codes\kursach\kursach\x64\debug\kursach.tlog\cl.items.tlog
d:\codes\kursach\kursach\x64\debug\kursach.tlog\cl.read.1.tlog
d:\codes\kursach\kursach\x64\debug\kursach.tlog\cl.write.1.tlog
d:\codes\kursach\kursach\x64\debug\kursach.tlog\link.command.1.tlog
d:\codes\kursach\kursach\x64\debug\kursach.tlog\link.read.1.tlog
d:\codes\kursach\kursach\x64\debug\kursach.tlog\link.write.1.tlog
d:\codes\kursach\kursach\x64\debug\kursach.tlog\metagen.read.1.tlog
d:\codes\kursach\kursach\x64\debug\kursach.tlog\metagen.write.1.tlog
d:\codes\kursach\kursach\x64\debug\kursach.tlog\resgen.command.1.tlog
d:\codes\kursach\kursach\x64\debug\kursach.tlog\resgen.read.1.tlog
d:\codes\kursach\kursach\x64\debug\kursach.tlog\resgen.write.1.tlog
